生成启动时间为 2020/5/11 15:22:49。
     1>项目“c:\Users\cetc416\documents\visual studio 2013\Projects\第十一\第十一\第十一.vcxproj”在节点 2 上(Build 个目标)。
     1>ClCompile:
         C:\Program Files (x86)\Microsoft Visual Studio 12.0\VC\bin\CL.exe /c /ZI /nologo /W3 /WX- /sdl /Od /Oy- /D WIN32 /D _WINDOWS /D _DEBUG /D _UNICODE /D UNICODE /D _AFXDLL /Gm /EHsc /RTC1 /MDd /GS /fp:precise /Zc:wchar_t /Zc:forScope /Yu"stdafx.h" /Fp"Debug\第十一.pch" /Fo"Debug\\" /Fd"Debug\vc120.pdb" /Gd /TP /analyze- /errorReport:prompt MainFrm.cpp "第十一.cpp" "第十一Doc.cpp" "第十一View.cpp"
         第十一View.cpp
         正在生成代码...
         正在跳过...(未检测到相关更改)
         第十一Doc.cpp
         MainFrm.cpp
         第十一.cpp
       ResourceCompile:
         C:\Program Files (x86)\Windows Kits\8.1\bin\x86\rc.exe /D _DEBUG /D _UNICODE /D UNICODE /D _AFXDLL /l"0x0804" /IDebug\ /nologo /fo"Debug\第十一.res" "第十一.rc" 
       Link:
         C:\Program Files (x86)\Microsoft Visual Studio 12.0\VC\bin\link.exe /ERRORREPORT:PROMPT /OUT:"c:\users\cetc416\documents\visual studio 2013\Projects\第十一\Debug\第十一.exe" /INCREMENTAL /NOLOGO odbc32.lib /MANIFEST /MANIFESTUAC:"level='asInvoker' uiAccess='false'" /manifest:embed /manifestinput:"C:\Program Files (x86)\Microsoft Visual Studio 12.0\VC\Include\Manifest\dpiaware.manifest" /DEBUG /PDB:"c:\users\cetc416\documents\visual studio 2013\Projects\第十一\Debug\第十一.pdb" /SUBSYSTEM:WINDOWS /TLBID:1 /ENTRY:"wWinMainCRTStartup" /DYNAMICBASE /NXCOMPAT /IMPLIB:"c:\users\cetc416\documents\visual studio 2013\Projects\第十一\Debug\第十一.lib" /MACHINE:X86 "Debug\第十一.res"
         Debug\MainFrm.obj
         Debug\stdafx.obj
         "Debug\第十一.obj"
         "Debug\第十一Doc.obj"
         "Debug\第十一Set.obj"
         "Debug\第十一View.obj"
         第十一.vcxproj -> c:\users\cetc416\documents\visual studio 2013\Projects\第十一\Debug\第十一.exe
     1>已完成生成项目“c:\Users\cetc416\documents\visual studio 2013\Projects\第十一\第十一\第十一.vcxproj”(Build 个目标)的操作。

生成成功。

已用时间 00:00:00.90
